Sat Nov 27 09:52:47 CST 2021 24284cacd1756c1791c9a39d8050bcce  /home/hongyu/arm_linux_platform/target/cplus_debug
Sat Nov 27 09:57:52 CST 2021 56345d9004975accde0c24cbe0bfe3b8  /home/hongyu/arm_linux_platform/target/cplus_debug
Sat Nov 27 09:58:22 CST 2021 56345d9004975accde0c24cbe0bfe3b8  /home/hongyu/arm_linux_platform/target/cplus_debug
Mon Nov 29 13:40:41 CST 2021 0455991b9928f22df8b2367f2526787b  /home/hongyu/arm_linux_platform/target/cplus_debug
Mon Nov 29 14:52:08 CST 2021 0682c06ce8a4b909cd7a782f2f75bb7c  /home/hongyu/arm_linux_platform/target/cplus_debug
Mon Nov 29 14:53:28 CST 2021 d194fb09d790d86813bdad7f41c72400  /home/hongyu/arm_linux_platform/target/cplus_debug
Mon Nov 29 14:54:10 CST 2021 ecf1a9f272c29bf2367ea61aa467cf5b  /home/hongyu/arm_linux_platform/target/cplus_debug
Mon Nov 29 14:56:38 CST 2021 14fe6a5ace80ba855445ef58837694e9  /home/hongyu/arm_linux_platform/target/cplus_debug
Mon Nov 29 14:56:57 CST 2021 e87f668c25f398d9cbc371f44f88641b  /home/hongyu/arm_linux_platform/target/cplus_debug
Mon Nov 29 14:58:27 CST 2021 cf01d59fb3eb8d8ac7d0ea4c3a671613  /home/hongyu/arm_linux_platform/target/cplus_debug
Mon Nov 29 15:34:07 CST 2021 963fc75af5b9102483ffb6446829e2e8  /home/hongyu/Nfs/arm_linux_platform/target/cplus_debug
Mon Nov 29 15:36:10 CST 2021 963fc75af5b9102483ffb6446829e2e8  /home/hongyu/Nfs/arm_linux_platform/target/cplus_debug
Mon Nov 29 15:42:22 CST 2021 882c9278c2d5fc13db6db602801d7b91  /home/hongyu/Nfs/arm_linux_platform/target/cplus_debug
Tue Nov 30 21:47:30 CST 2021 882c9278c2d5fc13db6db602801d7b91  /home/hongyu/Nfs/arm_linux_platform/target/cplus_debug
Tue Nov 30 23:42:56 CST 2021 ff8b9dd795b59e6b858c20722b067cbd  /home/hongyu/Nfs/arm_linux_platform/target/cplus_debug
Tue Nov 30 23:44:56 CST 2021 aa073b92cf919bc21c869427ba55c7c5  /home/hongyu/Nfs/arm_linux_platform/target/cplus_debug
Tue Nov 30 23:53:26 CST 2021 6d0a61fb9425cf06184607c260189d25  /home/hongyu/Nfs/arm_linux_platform/target/cplus_debug
Wed Dec  1 10:59:07 CST 2021 26d9415286e055a4ff0389249c37d105  /home/hongyu/Nfs/arm_linux_platform/target/cplus_debug
Wed Dec  1 11:22:21 CST 2021 5bf7f220ecb2f9efe9f39c10199d4cca  /home/hongyu/Nfs/arm_linux_platform/target/cplus_debug
Wed Dec  1 11:23:30 CST 2021 5bf7f220ecb2f9efe9f39c10199d4cca  /home/hongyu/Nfs/arm_linux_platform/target/cplus_debug
Wed Dec  1 11:24:22 CST 2021 5bf7f220ecb2f9efe9f39c10199d4cca  /home/hongyu/Nfs/arm_linux_platform/target/cplus_debug
2021年 12月 01日 星期三 19:19:38 CST 9629b88d15335055847dbd4bd5eec092  /home/hongdayu/Desktop/arm_linux_platform/target/cplus_debug
2021年 12月 01日 星期三 19:21:37 CST a1cce1e9466e879a03329b4f7f556be1  /home/hongdayu/Desktop/arm_linux_platform/target/cplus_debug
2021年 12月 01日 星期三 19:22:39 CST e11b0f21b5eec34518a4a82ae31ec105  /home/hongdayu/Desktop/arm_linux_platform/target/cplus_debug
2021年 12月 01日 星期三 19:25:07 CST 095c0e87cbbf8f40e20523151ab40f21  /home/hongdayu/Desktop/arm_linux_platform/target/cplus_debug
2021年 12月 01日 星期三 19:26:30 CST b55693a9efcb818af84a5e3254c40d04  /home/hongdayu/Desktop/arm_linux_platform/target/cplus_debug
2021年 12月 01日 星期三 19:27:59 CST b55693a9efcb818af84a5e3254c40d04  /home/hongdayu/Desktop/arm_linux_platform/target/cplus_debug
2021年 12月 01日 星期三 19:30:50 CST bdaf729565711ab31ca11efcdc0a19d0  /home/hongdayu/Desktop/arm_linux_platform/target/cplus_debug
2021年 12月 01日 星期三 20:26:46 CST f120b277d0e1ccc7b297cc83a21bf149  /home/hongdayu/Desktop/arm_linux_platform/target/cplus_debug
2021年 12月 01日 星期三 20:28:28 CST f120b277d0e1ccc7b297cc83a21bf149  /home/hongdayu/Desktop/arm_linux_platform/target/cplus_debug
2021年 12月 01日 星期三 20:29:48 CST 72dd5f6ae70bd162f7c66f5aa1feee36  /home/hongdayu/Desktop/arm_linux_platform/target/cplus_debug
2021年 12月 01日 星期三 20:31:19 CST 8b6b86934b85527fc6c1ed21c61bd1c5  /home/hongdayu/Desktop/arm_linux_platform/target/cplus_debug
2021年 12月 01日 星期三 20:31:31 CST 8b6b86934b85527fc6c1ed21c61bd1c5  /home/hongdayu/Desktop/arm_linux_platform/target/cplus_debug
2021年 12月 01日 星期三 20:34:09 CST d1d003978f1823cba5cc078c4f4096df  /home/hongdayu/Desktop/arm_linux_platform/target/cplus_debug
2021年 12月 01日 星期三 20:35:45 CST c96db187e0aede35cea8645bf7131739  /home/hongdayu/Desktop/arm_linux_platform/target/cplus_debug
2021年 12月 01日 星期三 20:36:46 CST 3ec3d0d86ab547f5e62232554faff8a7  /home/hongdayu/Desktop/arm_linux_platform/target/cplus_debug
2021年 12月 01日 星期三 20:37:25 CST 3ec3d0d86ab547f5e62232554faff8a7  /home/hongdayu/Desktop/arm_linux_platform/target/cplus_debug
2021年 12月 01日 星期三 20:39:55 CST 2e68e95c3c8bff22e1cf7270cd18e1a9  /home/hongdayu/Desktop/arm_linux_platform/target/cplus_debug
2021年 12月 01日 星期三 20:41:05 CST dcb4911db39838e7f969cd1e3145633d  /home/hongdayu/Desktop/arm_linux_platform/target/cplus_debug
2021年 12月 01日 星期三 20:55:44 CST b738485909798c306969c7ee724c59a4  /home/hongdayu/Desktop/arm_linux_platform/target/cplus_debug
2021年 12月 01日 星期三 20:56:17 CST f8ade2697012097f0919ae598f5f1454  /home/hongdayu/Desktop/arm_linux_platform/target/cplus_debug
2021年 12月 01日 星期三 21:20:25 CST d36b9c210fe7ffccc04a0604563cf1e2  /home/hongdayu/Desktop/arm_linux_platform/target/cplus_debug
2021年 12月 02日 星期四 22:30:12 CST 1b9655d9470c62f582cccf5768b21ef3  /home/hongdayu/Desktop/arm_linux_platform/target/cplus_debug
